2014/04/06 22:50:40 [error] [exception.CHttpException.403] exception 'CHttpException' with message 'You are not allowed to access this page.' in /var/www/yii/framework/gii/GiiModule.php:170
Stack trace:
#0 /var/www/yii/framework/web/CController.php(263): GiiModule->beforeControllerAction(Object(DefaultController), Object(CInlineAction))
#1 /var/www/yii/framework/web/CWebApplication.php(282): CController->run('')
#2 /var/www/yii/framework/web/CWebApplication.php(141): CWebApplication->runController('gii')
#3 /var/www/yii/framework/base/CApplication.php(180): CWebApplication->processRequest()
#4 /var/www/yii/gestorgastos/index.php(13): CApplication->run()
#5 {main}
REQUEST_URI=/index.php/gii
---
2014/04/14 01:57:42 [error] [php] date(): It is not safe to rely on the system's timezone settings. You are *required* to use the date.timezone setting or the date_default_timezone_set() function. In case you used any of those methods and you are still getting this warning, you most likely misspelled the timezone identifier. We selected the timezone 'UTC' for now, but please set date.timezone to select your timezone. (/var/www/yii/gestorgastos/protected/views/layouts/main.php:51)
Stack trace:
#0 /var/www/yii/framework/web/CBaseController.php(95): SiteController->renderInternal()
#1 /var/www/yii/framework/web/widgets/CContentDecorator.php(76): SiteController->renderFile()
#2 /var/www/yii/framework/web/widgets/CContentDecorator.php(54): CContentDecorator->decorate()
#3 /var/www/yii/framework/web/widgets/COutputProcessor.php(44): CContentDecorator->processOutput()
#4 /var/www/yii/framework/web/CBaseController.php(206): CContentDecorator->run()
#5 /var/www/yii/framework/web/CBaseController.php(300): SiteController->endWidget()
#6 /var/www/yii/gestorgastos/protected/views/layouts/column1.php(6): SiteController->endContent()
#7 /var/www/yii/framework/web/CBaseController.php(126): require()
#8 /var/www/yii/framework/web/CBaseController.php(95): SiteController->renderInternal()
#9 /var/www/yii/framework/web/CController.php(784): SiteController->renderFile()
#10 /var/www/yii/gestorgastos/protected/controllers/SiteController.php(32): SiteController->render()
#11 /var/www/yii/framework/web/actions/CInlineAction.php(49): SiteController->actionIndex()
#12 /var/www/yii/framework/web/CController.php(308): CInlineAction->runWithParams()
#13 /var/www/yii/framework/web/CController.php(286): SiteController->runAction()
#14 /var/www/yii/framework/web/CController.php(265): SiteController->runActionWithFilters()
#15 /var/www/yii/framework/web/CWebApplication.php(282): SiteController->run()
#16 /var/www/yii/framework/web/CWebApplication.php(141): CWebApplication->runController()
#17 /var/www/yii/framework/base/CApplication.php(180): CWebApplication->processRequest()
#18 /var/www/yii/gestorgastos/index.php(13): CWebApplication->run()
REQUEST_URI=/
in /var/www/yii/gestorgastos/protected/views/layouts/main.php (51)
in /var/www/yii/gestorgastos/protected/views/layouts/column1.php (6)
in /var/www/yii/gestorgastos/protected/controllers/SiteController.php (32)
2014/04/25 23:08:20 [error] [exception.CHttpException.404] exception 'CHttpException' with message 'The system is unable to find the requested action "site".' in /var/www/yii/framework/web/CController.php:483
Stack trace:
#0 /var/www/yii/framework/web/CController.php(270): CController->missingAction('site')
#1 /var/www/yii/framework/web/CWebApplication.php(282): CController->run('site')
#2 /var/www/yii/framework/web/CWebApplication.php(141): CWebApplication->runController('site/site/login')
#3 /var/www/yii/framework/base/CApplication.php(180): CWebApplication->processRequest()
#4 /var/www/yii/gestorgastos/index.php(13): CApplication->run()
#5 {main}
REQUEST_URI=/index.php/site/site/login
HTTP_REFERER=http://gestorgastos.yii.localhost/index.php/site/login
---
2014/04/25 23:08:31 [error] [exception.CHttpException.404] exception 'CHttpException' with message 'The system is unable to find the requested action "site".' in /var/www/yii/framework/web/CController.php:483
Stack trace:
#0 /var/www/yii/framework/web/CController.php(270): CController->missingAction('site')
#1 /var/www/yii/framework/web/CWebApplication.php(282): CController->run('site')
#2 /var/www/yii/framework/web/CWebApplication.php(141): CWebApplication->runController('site/site/login')
#3 /var/www/yii/framework/base/CApplication.php(180): CWebApplication->processRequest()
#4 /var/www/yii/gestorgastos/index.php(13): CApplication->run()
#5 {main}
REQUEST_URI=/index.php/site/site/login
HTTP_REFERER=http://gestorgastos.yii.localhost/index.php/site/login
---
2014/04/25 23:08:32 [error] [exception.CHttpException.404] exception 'CHttpException' with message 'The system is unable to find the requested action "site".' in /var/www/yii/framework/web/CController.php:483
Stack trace:
#0 /var/www/yii/framework/web/CController.php(270): CController->missingAction('site')
#1 /var/www/yii/framework/web/CWebApplication.php(282): CController->run('site')
#2 /var/www/yii/framework/web/CWebApplication.php(141): CWebApplication->runController('site/site/login')
#3 /var/www/yii/framework/base/CApplication.php(180): CWebApplication->processRequest()
#4 /var/www/yii/gestorgastos/index.php(13): CApplication->run()
#5 {main}
REQUEST_URI=/index.php/site/site/login
HTTP_REFERER=http://gestorgastos.yii.localhost/index.php/site/login
---
2014/04/25 23:08:33 [error] [exception.CHttpException.404] exception 'CHttpException' with message 'The system is unable to find the requested action "site".' in /var/www/yii/framework/web/CController.php:483
Stack trace:
#0 /var/www/yii/framework/web/CController.php(270): CController->missingAction('site')
#1 /var/www/yii/framework/web/CWebApplication.php(282): CController->run('site')
#2 /var/www/yii/framework/web/CWebApplication.php(141): CWebApplication->runController('site/site/login')
#3 /var/www/yii/framework/base/CApplication.php(180): CWebApplication->processRequest()
#4 /var/www/yii/gestorgastos/index.php(13): CApplication->run()
#5 {main}
REQUEST_URI=/index.php/site/site/login
HTTP_REFERER=http://gestorgastos.yii.localhost/index.php/site/login
---
2014/04/25 23:30:04 [error] [exception.CException] exception 'CException' with message 'SiteController cannot find the requested view "loginform".' in /var/www/yii/framework/web/CController.php:878
Stack trace:
#0 /var/www/yii/gestorgastos/protected/views/site/index.php(9): CController->renderPartial('loginform', Array)
#1 /var/www/yii/framework/web/CBaseController.php(126): require('/var/www/yii/ge...')
#2 /var/www/yii/framework/web/CBaseController.php(95): CBaseController->renderInternal('/var/www/yii/ge...', NULL, true)
#3 /var/www/yii/framework/web/CController.php(869): CBaseController->renderFile('/var/www/yii/ge...', NULL, true)
#4 /var/www/yii/framework/web/CController.php(782): CController->renderPartial('index', NULL, true)
#5 /var/www/yii/gestorgastos/protected/controllers/SiteController.php(49): CController->render('index')
#6 /var/www/yii/framework/web/actions/CInlineAction.php(49): SiteController->actionIndex()
#7 /var/www/yii/framework/web/CController.php(308): CInlineAction->runWithParams(Array)
#8 /var/www/yii/framework/web/CController.php(286): CController->runAction(Object(CInlineAction))
#9 /var/www/yii/framework/web/CController.php(265): CController->runActionWithFilters(Object(CInlineAction), Array)
#10 /var/www/yii/framework/web/CWebApplication.php(282): CController->run('index')
#11 /var/www/yii/framework/web/CWebApplication.php(141): CWebApplication->runController('site/index')
#12 /var/www/yii/framework/base/CApplication.php(180): CWebApplication->processRequest()
#13 /var/www/yii/gestorgastos/index.php(13): CApplication->run()
#14 {main}
REQUEST_URI=/index.php/site/index
HTTP_REFERER=http://gestorgastos.yii.localhost/index.php/site/login
---
2014/04/25 23:31:16 [error] [php] Creating default object from empty value (/var/www/yii/gestorgastos/protected/controllers/SiteController.php:41)
Stack trace:
#0 /var/www/yii/framework/web/CController.php(286): SiteController->runAction()
#1 /var/www/yii/framework/web/CController.php(265): SiteController->runActionWithFilters()
#2 /var/www/yii/framework/web/CWebApplication.php(282): SiteController->run()
#3 /var/www/yii/framework/web/CWebApplication.php(141): CWebApplication->runController()
#4 /var/www/yii/framework/base/CApplication.php(180): CWebApplication->processRequest()
#5 /var/www/yii/gestorgastos/index.php(13): CWebApplication->run()
REQUEST_URI=/index.php/site/index
in /var/www/yii/gestorgastos/protected/controllers/SiteController.php (41)
in /var/www/yii/gestorgastos/index.php (13)
2014/04/26 22:59:20 [error] [php] include(CMenu.php): failed to open stream: No such file or directory (/var/www/yii/framework/YiiBase.php:427)
Stack trace:
#0 /var/www/yii/gestorgastos/protected/components/CDivMenu.php(7): spl_autoload_call()
#1 /var/www/yii/framework/YiiBase.php(427): include()
#2 /var/www/yii/framework/YiiBase.php(302): autoload()
#3 /var/www/yii/framework/web/CWidgetFactory.php(146): import()
#4 /var/www/yii/framework/web/CBaseController.php(146): CWidgetFactory->createWidget()
#5 /var/www/yii/framework/web/CBaseController.php(172): SiteController->createWidget()
#6 /var/www/yii/gestorgastos/protected/views/site/index.php(17): SiteController->widget()
#7 /var/www/yii/framework/web/CBaseController.php(126): require()
#8 /var/www/yii/framework/web/CBaseController.php(95): SiteController->renderInternal()
#9 /var/www/yii/framework/web/CController.php(869): SiteController->renderFile()
#10 /var/www/yii/framework/web/CController.php(782): SiteController->renderPartial()
#11 /var/www/yii/gestorgastos/protected/controllers/SiteController.php(50): SiteController->render()
#12 /var/www/yii/framework/web/actions/CInlineAction.php(49): SiteController->actionIndex()
#13 /var/www/yii/framework/web/CController.php(308): CInlineAction->runWithParams()
#14 /var/www/yii/framework/web/CController.php(286): SiteController->runAction()
#15 /var/www/yii/framework/web/CController.php(265): SiteController->runActionWithFilters()
#16 /var/www/yii/framework/web/CWebApplication.php(282): SiteController->run()
#17 /var/www/yii/framework/web/CWebApplication.php(141): CWebApplication->runController()
#18 /var/www/yii/framework/base/CApplication.php(180): CWebApplication->processRequest()
#19 /var/www/yii/gestorgastos/index.php(13): CWebApplication->run()
REQUEST_URI=/index.php
in /var/www/yii/gestorgastos/protected/components/CDivMenu.php (7)
in /var/www/yii/gestorgastos/protected/views/site/index.php (17)
in /var/www/yii/gestorgastos/protected/controllers/SiteController.php (50)
2014/04/26 23:19:17 [error] [php] include(CMenu.php): failed to open stream: No such file or directory (/var/www/yii/framework/YiiBase.php:427)
Stack trace:
#0 /var/www/yii/gestorgastos/protected/components/CDivMenu.php(7): spl_autoload_call()
#1 /var/www/yii/framework/YiiBase.php(320): require()
#2 /var/www/yii/framework/web/CWidgetFactory.php(146): import()
#3 /var/www/yii/framework/web/CBaseController.php(146): CWidgetFactory->createWidget()
#4 /var/www/yii/framework/web/CBaseController.php(172): SiteController->createWidget()
#5 /var/www/yii/gestorgastos/protected/views/site/index.php(17): SiteController->widget()
#6 /var/www/yii/framework/web/CBaseController.php(126): require()
#7 /var/www/yii/framework/web/CBaseController.php(95): SiteController->renderInternal()
#8 /var/www/yii/framework/web/CController.php(869): SiteController->renderFile()
#9 /var/www/yii/framework/web/CController.php(782): SiteController->renderPartial()
#10 /var/www/yii/gestorgastos/protected/controllers/SiteController.php(50): SiteController->render()
#11 /var/www/yii/framework/web/actions/CInlineAction.php(49): SiteController->actionIndex()
#12 /var/www/yii/framework/web/CController.php(308): CInlineAction->runWithParams()
#13 /var/www/yii/framework/web/CController.php(286): SiteController->runAction()
#14 /var/www/yii/framework/web/CController.php(265): SiteController->runActionWithFilters()
#15 /var/www/yii/framework/web/CWebApplication.php(282): SiteController->run()
#16 /var/www/yii/framework/web/CWebApplication.php(141): CWebApplication->runController()
#17 /var/www/yii/framework/base/CApplication.php(180): CWebApplication->processRequest()
#18 /var/www/yii/gestorgastos/index.php(13): CWebApplication->run()
REQUEST_URI=/index.php
in /var/www/yii/gestorgastos/protected/components/CDivMenu.php (7)
in /var/www/yii/gestorgastos/protected/views/site/index.php (17)
in /var/www/yii/gestorgastos/protected/controllers/SiteController.php (50)
2014/04/26 23:19:19 [error] [php] include(CMenu.php): failed to open stream: No such file or directory (/var/www/yii/framework/YiiBase.php:427)
Stack trace:
#0 /var/www/yii/gestorgastos/protected/components/CDivMenu.php(7): spl_autoload_call()
#1 /var/www/yii/framework/YiiBase.php(320): require()
#2 /var/www/yii/framework/web/CWidgetFactory.php(146): import()
#3 /var/www/yii/framework/web/CBaseController.php(146): CWidgetFactory->createWidget()
#4 /var/www/yii/framework/web/CBaseController.php(172): SiteController->createWidget()
#5 /var/www/yii/gestorgastos/protected/views/site/index.php(17): SiteController->widget()
#6 /var/www/yii/framework/web/CBaseController.php(126): require()
#7 /var/www/yii/framework/web/CBaseController.php(95): SiteController->renderInternal()
#8 /var/www/yii/framework/web/CController.php(869): SiteController->renderFile()
#9 /var/www/yii/framework/web/CController.php(782): SiteController->renderPartial()
#10 /var/www/yii/gestorgastos/protected/controllers/SiteController.php(50): SiteController->render()
#11 /var/www/yii/framework/web/actions/CInlineAction.php(49): SiteController->actionIndex()
#12 /var/www/yii/framework/web/CController.php(308): CInlineAction->runWithParams()
#13 /var/www/yii/framework/web/CController.php(286): SiteController->runAction()
#14 /var/www/yii/framework/web/CController.php(265): SiteController->runActionWithFilters()
#15 /var/www/yii/framework/web/CWebApplication.php(282): SiteController->run()
#16 /var/www/yii/framework/web/CWebApplication.php(141): CWebApplication->runController()
#17 /var/www/yii/framework/base/CApplication.php(180): CWebApplication->processRequest()
#18 /var/www/yii/gestorgastos/index.php(13): CWebApplication->run()
REQUEST_URI=/index.php
in /var/www/yii/gestorgastos/protected/components/CDivMenu.php (7)
in /var/www/yii/gestorgastos/protected/views/site/index.php (17)
in /var/www/yii/gestorgastos/protected/controllers/SiteController.php (50)
2014/04/26 23:19:20 [error] [php] include(CMenu.php): failed to open stream: No such file or directory (/var/www/yii/framework/YiiBase.php:427)
Stack trace:
#0 /var/www/yii/gestorgastos/protected/components/CDivMenu.php(7): spl_autoload_call()
#1 /var/www/yii/framework/YiiBase.php(320): require()
#2 /var/www/yii/framework/web/CWidgetFactory.php(146): import()
#3 /var/www/yii/framework/web/CBaseController.php(146): CWidgetFactory->createWidget()
#4 /var/www/yii/framework/web/CBaseController.php(172): SiteController->createWidget()
#5 /var/www/yii/gestorgastos/protected/views/site/index.php(17): SiteController->widget()
#6 /var/www/yii/framework/web/CBaseController.php(126): require()
#7 /var/www/yii/framework/web/CBaseController.php(95): SiteController->renderInternal()
#8 /var/www/yii/framework/web/CController.php(869): SiteController->renderFile()
#9 /var/www/yii/framework/web/CController.php(782): SiteController->renderPartial()
#10 /var/www/yii/gestorgastos/protected/controllers/SiteController.php(50): SiteController->render()
#11 /var/www/yii/framework/web/actions/CInlineAction.php(49): SiteController->actionIndex()
#12 /var/www/yii/framework/web/CController.php(308): CInlineAction->runWithParams()
#13 /var/www/yii/framework/web/CController.php(286): SiteController->runAction()
#14 /var/www/yii/framework/web/CController.php(265): SiteController->runActionWithFilters()
#15 /var/www/yii/framework/web/CWebApplication.php(282): SiteController->run()
#16 /var/www/yii/framework/web/CWebApplication.php(141): CWebApplication->runController()
#17 /var/www/yii/framework/base/CApplication.php(180): CWebApplication->processRequest()
#18 /var/www/yii/gestorgastos/index.php(13): CWebApplication->run()
REQUEST_URI=/index.php
in /var/www/yii/gestorgastos/protected/components/CDivMenu.php (7)
in /var/www/yii/gestorgastos/protected/views/site/index.php (17)
in /var/www/yii/gestorgastos/protected/controllers/SiteController.php (50)
2014/04/26 23:19:21 [error] [php] include(CMenu.php): failed to open stream: No such file or directory (/var/www/yii/framework/YiiBase.php:427)
Stack trace:
#0 /var/www/yii/gestorgastos/protected/components/CDivMenu.php(7): spl_autoload_call()
#1 /var/www/yii/framework/YiiBase.php(320): require()
#2 /var/www/yii/framework/web/CWidgetFactory.php(146): import()
#3 /var/www/yii/framework/web/CBaseController.php(146): CWidgetFactory->createWidget()
#4 /var/www/yii/framework/web/CBaseController.php(172): SiteController->createWidget()
#5 /var/www/yii/gestorgastos/protected/views/site/index.php(17): SiteController->widget()
#6 /var/www/yii/framework/web/CBaseController.php(126): require()
#7 /var/www/yii/framework/web/CBaseController.php(95): SiteController->renderInternal()
#8 /var/www/yii/framework/web/CController.php(869): SiteController->renderFile()
#9 /var/www/yii/framework/web/CController.php(782): SiteController->renderPartial()
#10 /var/www/yii/gestorgastos/protected/controllers/SiteController.php(50): SiteController->render()
#11 /var/www/yii/framework/web/actions/CInlineAction.php(49): SiteController->actionIndex()
#12 /var/www/yii/framework/web/CController.php(308): CInlineAction->runWithParams()
#13 /var/www/yii/framework/web/CController.php(286): SiteController->runAction()
#14 /var/www/yii/framework/web/CController.php(265): SiteController->runActionWithFilters()
#15 /var/www/yii/framework/web/CWebApplication.php(282): SiteController->run()
#16 /var/www/yii/framework/web/CWebApplication.php(141): CWebApplication->runController()
#17 /var/www/yii/framework/base/CApplication.php(180): CWebApplication->processRequest()
#18 /var/www/yii/gestorgastos/index.php(13): CWebApplication->run()
REQUEST_URI=/index.php
in /var/www/yii/gestorgastos/protected/components/CDivMenu.php (7)
in /var/www/yii/gestorgastos/protected/views/site/index.php (17)
in /var/www/yii/gestorgastos/protected/controllers/SiteController.php (50)
2014/04/26 23:25:39 [error] [php] require_once(/var/www/yii/framework/zii/widgetsCMenu): failed to open stream: No such file or directory (/var/www/yii/gestorgastos/protected/components/CDivMenu.php:7)
Stack trace:
#0 /var/www/yii/framework/web/CWidgetFactory.php(146): import()
#1 /var/www/yii/framework/web/CBaseController.php(146): CWidgetFactory->createWidget()
#2 /var/www/yii/framework/web/CBaseController.php(172): SiteController->createWidget()
#3 /var/www/yii/gestorgastos/protected/views/site/index.php(17): SiteController->widget()
#4 /var/www/yii/framework/web/CBaseController.php(126): require()
#5 /var/www/yii/framework/web/CBaseController.php(95): SiteController->renderInternal()
#6 /var/www/yii/framework/web/CController.php(869): SiteController->renderFile()
#7 /var/www/yii/framework/web/CController.php(782): SiteController->renderPartial()
#8 /var/www/yii/gestorgastos/protected/controllers/SiteController.php(50): SiteController->render()
#9 /var/www/yii/framework/web/actions/CInlineAction.php(49): SiteController->actionIndex()
#10 /var/www/yii/framework/web/CController.php(308): CInlineAction->runWithParams()
#11 /var/www/yii/framework/web/CController.php(286): SiteController->runAction()
#12 /var/www/yii/framework/web/CController.php(265): SiteController->runActionWithFilters()
#13 /var/www/yii/framework/web/CWebApplication.php(282): SiteController->run()
#14 /var/www/yii/framework/web/CWebApplication.php(141): CWebApplication->runController()
#15 /var/www/yii/framework/base/CApplication.php(180): CWebApplication->processRequest()
#16 /var/www/yii/gestorgastos/index.php(13): CWebApplication->run()
REQUEST_URI=/index.php
in /var/www/yii/gestorgastos/protected/components/CDivMenu.php (7)
in /var/www/yii/gestorgastos/protected/components/CDivMenu.php (7)
in /var/www/yii/gestorgastos/protected/views/site/index.php (17)
2014/04/26 23:26:25 [error] [php] require_once(/var/www/yii/framework/zii/widgets/CMenu): failed to open stream: No such file or directory (/var/www/yii/gestorgastos/protected/components/CDivMenu.php:7)
Stack trace:
#0 /var/www/yii/framework/web/CWidgetFactory.php(146): import()
#1 /var/www/yii/framework/web/CBaseController.php(146): CWidgetFactory->createWidget()
#2 /var/www/yii/framework/web/CBaseController.php(172): SiteController->createWidget()
#3 /var/www/yii/gestorgastos/protected/views/site/index.php(17): SiteController->widget()
#4 /var/www/yii/framework/web/CBaseController.php(126): require()
#5 /var/www/yii/framework/web/CBaseController.php(95): SiteController->renderInternal()
#6 /var/www/yii/framework/web/CController.php(869): SiteController->renderFile()
#7 /var/www/yii/framework/web/CController.php(782): SiteController->renderPartial()
#8 /var/www/yii/gestorgastos/protected/controllers/SiteController.php(50): SiteController->render()
#9 /var/www/yii/framework/web/actions/CInlineAction.php(49): SiteController->actionIndex()
#10 /var/www/yii/framework/web/CController.php(308): CInlineAction->runWithParams()
#11 /var/www/yii/framework/web/CController.php(286): SiteController->runAction()
#12 /var/www/yii/framework/web/CController.php(265): SiteController->runActionWithFilters()
#13 /var/www/yii/framework/web/CWebApplication.php(282): SiteController->run()
#14 /var/www/yii/framework/web/CWebApplication.php(141): CWebApplication->runController()
#15 /var/www/yii/framework/base/CApplication.php(180): CWebApplication->processRequest()
#16 /var/www/yii/gestorgastos/index.php(13): CWebApplication->run()
REQUEST_URI=/index.php
in /var/www/yii/gestorgastos/protected/components/CDivMenu.php (7)
in /var/www/yii/gestorgastos/protected/components/CDivMenu.php (7)
in /var/www/yii/gestorgastos/protected/views/site/index.php (17)
2014/04/26 23:27:25 [error] [php] require_once(/var/www/yii/framework/zii/widgets/CMenu/php): failed to open stream: No such file or directory (/var/www/yii/gestorgastos/protected/components/CDivMenu.php:7)
Stack trace:
#0 /var/www/yii/framework/web/CWidgetFactory.php(146): import()
#1 /var/www/yii/framework/web/CBaseController.php(146): CWidgetFactory->createWidget()
#2 /var/www/yii/framework/web/CBaseController.php(172): SiteController->createWidget()
#3 /var/www/yii/gestorgastos/protected/views/site/index.php(17): SiteController->widget()
#4 /var/www/yii/framework/web/CBaseController.php(126): require()
#5 /var/www/yii/framework/web/CBaseController.php(95): SiteController->renderInternal()
#6 /var/www/yii/framework/web/CController.php(869): SiteController->renderFile()
#7 /var/www/yii/framework/web/CController.php(782): SiteController->renderPartial()
#8 /var/www/yii/gestorgastos/protected/controllers/SiteController.php(50): SiteController->render()
#9 /var/www/yii/framework/web/actions/CInlineAction.php(49): SiteController->actionIndex()
#10 /var/www/yii/framework/web/CController.php(308): CInlineAction->runWithParams()
#11 /var/www/yii/framework/web/CController.php(286): SiteController->runAction()
#12 /var/www/yii/framework/web/CController.php(265): SiteController->runActionWithFilters()
#13 /var/www/yii/framework/web/CWebApplication.php(282): SiteController->run()
#14 /var/www/yii/framework/web/CWebApplication.php(141): CWebApplication->runController()
#15 /var/www/yii/framework/base/CApplication.php(180): CWebApplication->processRequest()
#16 /var/www/yii/gestorgastos/index.php(13): CWebApplication->run()
REQUEST_URI=/index.php
in /var/www/yii/gestorgastos/protected/components/CDivMenu.php (7)
in /var/www/yii/gestorgastos/protected/components/CDivMenu.php (7)
in /var/www/yii/gestorgastos/protected/views/site/index.php (17)
2014/04/27 22:33:51 [error] [exception.CHttpException.403] exception 'CHttpException' with message 'You are not allowed to access this page.' in /var/www/yii/framework/gii/GiiModule.php:170
Stack trace:
#0 /var/www/yii/framework/web/CController.php(263): GiiModule->beforeControllerAction(Object(DefaultController), Object(CInlineAction))
#1 /var/www/yii/framework/web/CWebApplication.php(282): CController->run('')
#2 /var/www/yii/framework/web/CWebApplication.php(141): CWebApplication->runController('gii')
#3 /var/www/yii/framework/base/CApplication.php(180): CWebApplication->processRequest()
#4 /var/www/yii/gestorgastos/index.php(13): CApplication->run()
#5 {main}
REQUEST_URI=/index.php/gii
---
2014/05/03 12:32:02 [error] [exception.CException] exception 'CException' with message 'Property "Usuario.Id" is not defined.' in /var/www/yii/framework/base/CComponent.php:130
Stack trace:
#0 /var/www/yii/framework/db/ar/CActiveRecord.php(145): CComponent->__get('Id')
#1 /var/www/yii/gestorgastos/protected/components/UserIdentity.php(31): CActiveRecord->__get('Id')
#2 /var/www/yii/gestorgastos/protected/models/LoginForm.php(52): UserIdentity->authenticate()
#3 /var/www/yii/framework/validators/CInlineValidator.php(42): LoginForm->authenticate('password', Array)
#4 /var/www/yii/framework/validators/CValidator.php(213): CInlineValidator->validateAttribute(Object(LoginForm), 'password')
#5 /var/www/yii/framework/base/CModel.php(159): CValidator->validate(Object(LoginForm), NULL)
#6 /var/www/yii/gestorgastos/protected/controllers/SiteController.php(44): CModel->validate()
#7 /var/www/yii/framework/web/actions/CInlineAction.php(49): SiteController->actionIndex()
#8 /var/www/yii/framework/web/CController.php(308): CInlineAction->runWithParams(Array)
#9 /var/www/yii/framework/web/CController.php(286): CController->runAction(Object(CInlineAction))
#10 /var/www/yii/framework/web/CController.php(265): CController->runActionWithFilters(Object(CInlineAction), Array)
#11 /var/www/yii/framework/web/CWebApplication.php(282): CController->run('')
#12 /var/www/yii/framework/web/CWebApplication.php(141): CWebApplication->runController('')
#13 /var/www/yii/framework/base/CApplication.php(180): CWebApplication->processRequest()
#14 /var/www/yii/gestorgastos/index.php(13): CApplication->run()
#15 {main}
REQUEST_URI=/
HTTP_REFERER=http://gestorgastos.yii.localhost/
---
2014/05/03 12:34:11 [error] [php] include(IdUsuario.php): failed to open stream: No such file or directory (/var/www/yii/framework/YiiBase.php:427)
Stack trace:
#0 /var/www/yii/framework/validators/CValidator.php(186): import()
#1 /var/www/yii/framework/base/CModel.php(287): createValidator()
#2 /var/www/yii/framework/base/CModel.php(260): Gasto->createValidators()
#3 /var/www/yii/framework/web/helpers/CHtml.php(2236): Gasto->getValidators()
#4 /var/www/yii/framework/web/helpers/CHtml.php(1434): activeInputField()
#5 /var/www/yii/framework/web/widgets/CActiveForm.php(725): activeTextField()
#6 /var/www/yii/gestorgastos/protected/views/gasto/_search.php(16): CActiveForm->textField()
#7 /var/www/yii/framework/web/CBaseController.php(126): require()
#8 /var/www/yii/framework/web/CBaseController.php(95): GastoController->renderInternal()
#9 /var/www/yii/framework/web/CController.php(869): GastoController->renderFile()
#10 /var/www/yii/gestorgastos/protected/views/gasto/admin.php(40): GastoController->renderPartial()
#11 /var/www/yii/framework/web/CBaseController.php(126): require()
#12 /var/www/yii/framework/web/CBaseController.php(95): GastoController->renderInternal()
#13 /var/www/yii/framework/web/CController.php(869): GastoController->renderFile()
#14 /var/www/yii/framework/web/CController.php(782): GastoController->renderPartial()
#15 /var/www/yii/gestorgastos/protected/controllers/GastoController.php(143): GastoController->render()
#16 /var/www/yii/framework/web/actions/CInlineAction.php(49): GastoController->actionAdmin()
#17 /var/www/yii/framework/web/CController.php(308): CInlineAction->runWithParams()
#18 /var/www/yii/framework/web/filters/CFilterChain.php(133): GastoController->runAction()
#19 /var/www/yii/framework/web/filters/CFilter.php(40): CFilterChain->run()
#20 /var/www/yii/framework/web/CController.php(1145): CAccessControlFilter->filter()
#21 /var/www/yii/framework/web/filters/CInlineFilter.php(58): GastoController->filterAccessControl()
#22 /var/www/yii/framework/web/filters/CFilterChain.php(130): CInlineFilter->filter()
#23 /var/www/yii/framework/web/CController.php(291): CFilterChain->run()
#24 /var/www/yii/framework/web/CController.php(265): GastoController->runActionWithFilters()
#25 /var/www/yii/framework/web/CWebApplication.php(282): GastoController->run()
#26 /var/www/yii/framework/web/CWebApplication.php(141): CWebApplication->runController()
#27 /var/www/yii/framework/base/CApplication.php(180): CWebApplication->processRequest()
#28 /var/www/yii/gestorgastos/index.php(13): CWebApplication->run()
REQUEST_URI=/index.php/gasto/admin
in /var/www/yii/gestorgastos/protected/views/gasto/_search.php (16)
in /var/www/yii/gestorgastos/protected/views/gasto/admin.php (40)
in /var/www/yii/gestorgastos/protected/controllers/GastoController.php (143)
2014/05/03 12:38:04 [error] [php] include(IdUsuario.php): failed to open stream: No such file or directory (/var/www/yii/framework/YiiBase.php:427)
Stack trace:
#0 /var/www/yii/framework/validators/CValidator.php(186): import()
#1 /var/www/yii/framework/base/CModel.php(287): createValidator()
#2 /var/www/yii/framework/base/CModel.php(260): Gasto->createValidators()
#3 /var/www/yii/framework/web/helpers/CHtml.php(2236): Gasto->getValidators()
#4 /var/www/yii/framework/web/helpers/CHtml.php(1434): activeInputField()
#5 /var/www/yii/framework/web/widgets/CActiveForm.php(725): activeTextField()
#6 /var/www/yii/gestorgastos/protected/views/gasto/_search.php(16): CActiveForm->textField()
#7 /var/www/yii/framework/web/CBaseController.php(126): require()
#8 /var/www/yii/framework/web/CBaseController.php(95): GastoController->renderInternal()
#9 /var/www/yii/framework/web/CController.php(869): GastoController->renderFile()
#10 /var/www/yii/gestorgastos/protected/views/gasto/admin.php(40): GastoController->renderPartial()
#11 /var/www/yii/framework/web/CBaseController.php(126): require()
#12 /var/www/yii/framework/web/CBaseController.php(95): GastoController->renderInternal()
#13 /var/www/yii/framework/web/CController.php(869): GastoController->renderFile()
#14 /var/www/yii/framework/web/CController.php(782): GastoController->renderPartial()
#15 /var/www/yii/gestorgastos/protected/controllers/GastoController.php(143): GastoController->render()
#16 /var/www/yii/framework/web/actions/CInlineAction.php(49): GastoController->actionAdmin()
#17 /var/www/yii/framework/web/CController.php(308): CInlineAction->runWithParams()
#18 /var/www/yii/framework/web/filters/CFilterChain.php(133): GastoController->runAction()
#19 /var/www/yii/framework/web/filters/CFilter.php(40): CFilterChain->run()
#20 /var/www/yii/framework/web/CController.php(1145): CAccessControlFilter->filter()
#21 /var/www/yii/framework/web/filters/CInlineFilter.php(58): GastoController->filterAccessControl()
#22 /var/www/yii/framework/web/filters/CFilterChain.php(130): CInlineFilter->filter()
#23 /var/www/yii/framework/web/CController.php(291): CFilterChain->run()
#24 /var/www/yii/framework/web/CController.php(265): GastoController->runActionWithFilters()
#25 /var/www/yii/framework/web/CWebApplication.php(282): GastoController->run()
#26 /var/www/yii/framework/web/CWebApplication.php(141): CWebApplication->runController()
#27 /var/www/yii/framework/base/CApplication.php(180): CWebApplication->processRequest()
#28 /var/www/yii/gestorgastos/index.php(13): CWebApplication->run()
REQUEST_URI=/index.php/gasto/admin
in /var/www/yii/gestorgastos/protected/views/gasto/_search.php (16)
in /var/www/yii/gestorgastos/protected/views/gasto/admin.php (40)
in /var/www/yii/gestorgastos/protected/controllers/GastoController.php (143)
2014/05/03 13:16:54 [error] [exception.CException] exception 'CException' with message 'CWebUser and its behaviors do not have a method or closure named "isAdmin".' in /var/www/yii/framework/base/CComponent.php:266
Stack trace:
#0 /var/www/yii/framework/base/CComponent.php(612) : eval()'d code(1): CComponent->__call('isAdmin', Array)
#1 /var/www/yii/framework/base/CComponent.php(612) : eval()'d code(1): CWebUser->isAdmin()
#2 /var/www/yii/framework/base/CComponent.php(612): eval()
#3 /var/www/yii/framework/web/auth/CAccessControlFilter.php(392): CComponent->evaluateExpression('$user->isAdmin(...', Array)
#4 /var/www/yii/framework/web/auth/CAccessControlFilter.php(288): CAccessRule->isExpressionMatched(Object(CWebUser))
#5 /var/www/yii/framework/web/auth/CAccessControlFilter.php(138): CAccessRule->isUserAllowed(Object(CWebUser), Object(UsuarioController), Object(CInlineAction), '192.168.0.12', 'GET')
#6 /var/www/yii/framework/web/filters/CFilter.php(38): CAccessControlFilter->preFilter(Object(CFilterChain))
#7 /var/www/yii/framework/web/CController.php(1145): CFilter->filter(Object(CFilterChain))
#8 /var/www/yii/framework/web/filters/CInlineFilter.php(58): CController->filterAccessControl(Object(CFilterChain))
#9 /var/www/yii/framework/web/filters/CFilterChain.php(130): CInlineFilter->filter(Object(CFilterChain))
#10 /var/www/yii/framework/web/CController.php(291): CFilterChain->run()
#11 /var/www/yii/framework/web/CController.php(265): CController->runActionWithFilters(Object(CInlineAction), Array)
#12 /var/www/yii/framework/web/CWebApplication.php(282): CController->run('')
#13 /var/www/yii/framework/web/CWebApplication.php(141): CWebApplication->runController('usuario')
#14 /var/www/yii/framework/base/CApplication.php(180): CWebApplication->processRequest()
#15 /var/www/yii/gestorgastos/index.php(13): CApplication->run()
#16 {main}
REQUEST_URI=/index.php/usuario
HTTP_REFERER=http://gestorgastos.yii.localhost/index.php/categoria/create
---
2014/05/03 13:19:50 [error] [exception.CException] exception 'CException' with message 'CWebUser and its behaviors do not have a method or closure named "isAdmin".' in /var/www/yii/framework/base/CComponent.php:266
Stack trace:
#0 /var/www/yii/framework/base/CComponent.php(612) : eval()'d code(1): CComponent->__call('isAdmin', Array)
#1 /var/www/yii/framework/base/CComponent.php(612) : eval()'d code(1): CWebUser->isAdmin()
#2 /var/www/yii/framework/base/CComponent.php(612): eval()
#3 /var/www/yii/framework/web/auth/CAccessControlFilter.php(392): CComponent->evaluateExpression('Yii::app()->use...', Array)
#4 /var/www/yii/framework/web/auth/CAccessControlFilter.php(288): CAccessRule->isExpressionMatched(Object(CWebUser))
#5 /var/www/yii/framework/web/auth/CAccessControlFilter.php(138): CAccessRule->isUserAllowed(Object(CWebUser), Object(UsuarioController), Object(CInlineAction), '192.168.0.12', 'GET')
#6 /var/www/yii/framework/web/filters/CFilter.php(38): CAccessControlFilter->preFilter(Object(CFilterChain))
#7 /var/www/yii/framework/web/CController.php(1145): CFilter->filter(Object(CFilterChain))
#8 /var/www/yii/framework/web/filters/CInlineFilter.php(58): CController->filterAccessControl(Object(CFilterChain))
#9 /var/www/yii/framework/web/filters/CFilterChain.php(130): CInlineFilter->filter(Object(CFilterChain))
#10 /var/www/yii/framework/web/CController.php(291): CFilterChain->run()
#11 /var/www/yii/framework/web/CController.php(265): CController->runActionWithFilters(Object(CInlineAction), Array)
#12 /var/www/yii/framework/web/CWebApplication.php(282): CController->run('')
#13 /var/www/yii/framework/web/CWebApplication.php(141): CWebApplication->runController('usuario')
#14 /var/www/yii/framework/base/CApplication.php(180): CWebApplication->processRequest()
#15 /var/www/yii/gestorgastos/index.php(13): CApplication->run()
#16 {main}
REQUEST_URI=/index.php/usuario
HTTP_REFERER=http://gestorgastos.yii.localhost/index.php/categoria/create
---
2014/05/03 13:50:45 [error] [exception.CException] exception 'CException' with message 'CHttpSession and its behaviors do not have a method or closure named "isAdmin".' in /var/www/yii/framework/base/CComponent.php:266
Stack trace:
#0 /var/www/yii/gestorgastos/protected/components/WebUser.php(9): CComponent->__call('isAdmin', Array)
#1 /var/www/yii/gestorgastos/protected/components/WebUser.php(9): CHttpSession->isAdmin()
#2 /var/www/yii/framework/base/CComponent.php(612) : eval()'d code(1): WebUser->isAdmin()
#3 /var/www/yii/framework/base/CComponent.php(612): eval()
#4 /var/www/yii/framework/web/auth/CAccessControlFilter.php(392): CComponent->evaluateExpression('Yii::app()->use...', Array)
#5 /var/www/yii/framework/web/auth/CAccessControlFilter.php(288): CAccessRule->isExpressionMatched(Object(WebUser))
#6 /var/www/yii/framework/web/auth/CAccessControlFilter.php(138): CAccessRule->isUserAllowed(Object(WebUser), Object(UsuarioController), Object(CInlineAction), '192.168.0.12', 'GET')
#7 /var/www/yii/framework/web/filters/CFilter.php(38): CAccessControlFilter->preFilter(Object(CFilterChain))
#8 /var/www/yii/framework/web/CController.php(1145): CFilter->filter(Object(CFilterChain))
#9 /var/www/yii/framework/web/filters/CInlineFilter.php(58): CController->filterAccessControl(Object(CFilterChain))
#10 /var/www/yii/framework/web/filters/CFilterChain.php(130): CInlineFilter->filter(Object(CFilterChain))
#11 /var/www/yii/framework/web/CController.php(291): CFilterChain->run()
#12 /var/www/yii/framework/web/CController.php(265): CController->runActionWithFilters(Object(CInlineAction), Array)
#13 /var/www/yii/framework/web/CWebApplication.php(282): CController->run('')
#14 /var/www/yii/framework/web/CWebApplication.php(141): CWebApplication->runController('usuario')
#15 /var/www/yii/framework/base/CApplication.php(180): CWebApplication->processRequest()
#16 /var/www/yii/gestorgastos/index.php(13): CApplication->run()
#17 {main}
REQUEST_URI=/index.php/usuario
HTTP_REFERER=http://gestorgastos.yii.localhost/index.php/categoria/create
---
2014/05/04 00:00:25 [error] [exception.CHttpException.403] exception 'CHttpException' with message 'You are not authorized to perform this action.' in /var/www/yii/framework/web/auth/CAccessControlFilter.php:182
Stack trace:
#0 /var/www/yii/framework/web/auth/CAccessControlFilter.php(145): CAccessControlFilter->accessDenied(Object(WebUser), 'You are not aut...')
#1 /var/www/yii/framework/web/filters/CFilter.php(38): CAccessControlFilter->preFilter(Object(CFilterChain))
#2 /var/www/yii/framework/web/CController.php(1145): CFilter->filter(Object(CFilterChain))
#3 /var/www/yii/framework/web/filters/CInlineFilter.php(58): CController->filterAccessControl(Object(CFilterChain))
#4 /var/www/yii/framework/web/filters/CFilterChain.php(130): CInlineFilter->filter(Object(CFilterChain))
#5 /var/www/yii/framework/web/CController.php(291): CFilterChain->run()
#6 /var/www/yii/framework/web/CController.php(265): CController->runActionWithFilters(Object(CInlineAction), Array)
#7 /var/www/yii/framework/web/CWebApplication.php(282): CController->run('')
#8 /var/www/yii/framework/web/CWebApplication.php(141): CWebApplication->runController('usuario')
#9 /var/www/yii/framework/base/CApplication.php(180): CWebApplication->processRequest()
#10 /var/www/yii/gestorgastos/index.php(13): CApplication->run()
#11 {main}
REQUEST_URI=/index.php/usuario
HTTP_REFERER=http://gestorgastos.yii.localhost/index.php
---
2014/05/04 00:00:55 [error] [exception.CHttpException.403] exception 'CHttpException' with message 'You are not authorized to perform this action.' in /var/www/yii/framework/web/auth/CAccessControlFilter.php:182
Stack trace:
#0 /var/www/yii/framework/web/auth/CAccessControlFilter.php(145): CAccessControlFilter->accessDenied(Object(WebUser), 'You are not aut...')
#1 /var/www/yii/framework/web/filters/CFilter.php(38): CAccessControlFilter->preFilter(Object(CFilterChain))
#2 /var/www/yii/framework/web/CController.php(1145): CFilter->filter(Object(CFilterChain))
#3 /var/www/yii/framework/web/filters/CInlineFilter.php(58): CController->filterAccessControl(Object(CFilterChain))
#4 /var/www/yii/framework/web/filters/CFilterChain.php(130): CInlineFilter->filter(Object(CFilterChain))
#5 /var/www/yii/framework/web/CController.php(291): CFilterChain->run()
#6 /var/www/yii/framework/web/CController.php(265): CController->runActionWithFilters(Object(CInlineAction), Array)
#7 /var/www/yii/framework/web/CWebApplication.php(282): CController->run('')
#8 /var/www/yii/framework/web/CWebApplication.php(141): CWebApplication->runController('usuario')
#9 /var/www/yii/framework/base/CApplication.php(180): CWebApplication->processRequest()
#10 /var/www/yii/gestorgastos/index.php(13): CApplication->run()
#11 {main}
REQUEST_URI=/index.php/usuario
HTTP_REFERER=http://gestorgastos.yii.localhost/index.php
---
2014/05/04 00:02:06 [error] [exception.CHttpException.403] exception 'CHttpException' with message 'You are not authorized to perform this action.' in /var/www/yii/framework/web/auth/CAccessControlFilter.php:182
Stack trace:
#0 /var/www/yii/framework/web/auth/CAccessControlFilter.php(145): CAccessControlFilter->accessDenied(Object(WebUser), 'You are not aut...')
#1 /var/www/yii/framework/web/filters/CFilter.php(38): CAccessControlFilter->preFilter(Object(CFilterChain))
#2 /var/www/yii/framework/web/CController.php(1145): CFilter->filter(Object(CFilterChain))
#3 /var/www/yii/framework/web/filters/CInlineFilter.php(58): CController->filterAccessControl(Object(CFilterChain))
#4 /var/www/yii/framework/web/filters/CFilterChain.php(130): CInlineFilter->filter(Object(CFilterChain))
#5 /var/www/yii/framework/web/CController.php(291): CFilterChain->run()
#6 /var/www/yii/framework/web/CController.php(265): CController->runActionWithFilters(Object(CInlineAction), Array)
#7 /var/www/yii/framework/web/CWebApplication.php(282): CController->run('')
#8 /var/www/yii/framework/web/CWebApplication.php(141): CWebApplication->runController('usuario')
#9 /var/www/yii/framework/base/CApplication.php(180): CWebApplication->processRequest()
#10 /var/www/yii/gestorgastos/index.php(13): CApplication->run()
#11 {main}
REQUEST_URI=/index.php/usuario
HTTP_REFERER=http://gestorgastos.yii.localhost/index.php
---
2014/05/04 00:02:16 [error] [exception.CHttpException.403] exception 'CHttpException' with message 'You are not authorized to perform this action.' in /var/www/yii/framework/web/auth/CAccessControlFilter.php:182
Stack trace:
#0 /var/www/yii/framework/web/auth/CAccessControlFilter.php(145): CAccessControlFilter->accessDenied(Object(WebUser), 'You are not aut...')
#1 /var/www/yii/framework/web/filters/CFilter.php(38): CAccessControlFilter->preFilter(Object(CFilterChain))
#2 /var/www/yii/framework/web/CController.php(1145): CFilter->filter(Object(CFilterChain))
#3 /var/www/yii/framework/web/filters/CInlineFilter.php(58): CController->filterAccessControl(Object(CFilterChain))
#4 /var/www/yii/framework/web/filters/CFilterChain.php(130): CInlineFilter->filter(Object(CFilterChain))
#5 /var/www/yii/framework/web/CController.php(291): CFilterChain->run()
#6 /var/www/yii/framework/web/CController.php(265): CController->runActionWithFilters(Object(CInlineAction), Array)
#7 /var/www/yii/framework/web/CWebApplication.php(282): CController->run('')
#8 /var/www/yii/framework/web/CWebApplication.php(141): CWebApplication->runController('usuario')
#9 /var/www/yii/framework/base/CApplication.php(180): CWebApplication->processRequest()
#10 /var/www/yii/gestorgastos/index.php(13): CApplication->run()
#11 {main}
REQUEST_URI=/index.php/usuario
HTTP_REFERER=http://gestorgastos.yii.localhost/index.php
---
2014/05/12 23:22:48 [error] [php] htmlspecialchars() expects parameter 1 to be string, object given (/var/www/yii/framework/web/helpers/CHtml.php:103)
Stack trace:
#0 /var/www/yii/framework/web/CBaseController.php(130): require()
#1 /var/www/yii/framework/web/CBaseController.php(95): GastoController->renderInternal()
#2 /var/www/yii/framework/zii/widgets/CListView.php(291): GastoController->renderFile()
#3 /var/www/yii/framework/zii/widgets/CBaseListView.php(167): CListView->renderItems()
#4 unknown(0): CListView->renderSection()
#5 /var/www/yii/framework/zii/widgets/CBaseListView.php(150): preg_replace_callback()
#6 /var/www/yii/framework/zii/widgets/CBaseListView.php(135): CListView->renderContent()
#7 /var/www/yii/framework/web/CBaseController.php(173): CListView->run()
#8 /var/www/yii/gestorgastos/protected/views/gasto/index.php(20): GastoController->widget()
#9 /var/www/yii/framework/web/CBaseController.php(126): require()
#10 /var/www/yii/framework/web/CBaseController.php(95): GastoController->renderInternal()
#11 /var/www/yii/framework/web/CController.php(869): GastoController->renderFile()
#12 /var/www/yii/framework/web/CController.php(782): GastoController->renderPartial()
#13 /var/www/yii/gestorgastos/protected/controllers/GastoController.php(128): GastoController->render()
#14 /var/www/yii/framework/web/actions/CInlineAction.php(49): GastoController->actionIndex()
#15 /var/www/yii/framework/web/CController.php(308): CInlineAction->runWithParams()
#16 /var/www/yii/framework/web/filters/CFilterChain.php(133): GastoController->runAction()
#17 /var/www/yii/framework/web/filters/CFilter.php(40): CFilterChain->run()
#18 /var/www/yii/framework/web/CController.php(1145): CAccessControlFilter->filter()
#19 /var/www/yii/framework/web/filters/CInlineFilter.php(58): GastoController->filterAccessControl()
#20 /var/www/yii/framework/web/filters/CFilterChain.php(130): CInlineFilter->filter()
#21 /var/www/yii/framework/web/CController.php(291): CFilterChain->run()
#22 /var/www/yii/framework/web/CController.php(265): GastoController->runActionWithFilters()
#23 /var/www/yii/framework/web/CWebApplication.php(282): GastoController->run()
#24 /var/www/yii/framework/web/CWebApplication.php(141): CWebApplication->runController()
#25 /var/www/yii/framework/base/CApplication.php(180): CWebApplication->processRequest()
#26 /var/www/yii/gestorgastos/index.php(13): CWebApplication->run()
REQUEST_URI=/index.php/gasto
in /var/www/yii/gestorgastos/protected/views/gasto/_view.php (25)
in /var/www/yii/gestorgastos/protected/views/gasto/index.php (20)
in /var/www/yii/gestorgastos/protected/controllers/GastoController.php (128)
2014/05/12 23:53:16 [error] [exception.CException] exception 'CException' with message 'The attribute must be specified in the format of "Name:Type:Label", where "Type" and "Label" are optional.' in /var/www/yii/framework/zii/widgets/CDetailView.php:183
Stack trace:
#0 /var/www/yii/framework/web/CBaseController.php(173): CDetailView->run()
#1 /var/www/yii/gestorgastos/protected/views/gasto/view.php(30): CBaseController->widget('zii.widgets.CDe...', Array)
#2 /var/www/yii/framework/web/CBaseController.php(126): require('/var/www/yii/ge...')
#3 /var/www/yii/framework/web/CBaseController.php(95): CBaseController->renderInternal('/var/www/yii/ge...', Array, true)
#4 /var/www/yii/framework/web/CController.php(869): CBaseController->renderFile('/var/www/yii/ge...', Array, true)
#5 /var/www/yii/framework/web/CController.php(782): CController->renderPartial('view', Array, true)
#6 /var/www/yii/gestorgastos/protected/controllers/GastoController.php(56): CController->render('view', Array)
#7 [internal function]: GastoController->actionView('2')
#8 /var/www/yii/framework/web/actions/CAction.php(108): ReflectionMethod->invokeArgs(Object(GastoController), Array)
#9 /var/www/yii/framework/web/actions/CInlineAction.php(47): CAction->runWithParamsInternal(Object(GastoController), Object(ReflectionMethod), Array)
#10 /var/www/yii/framework/web/CController.php(308): CInlineAction->runWithParams(Array)
#11 /var/www/yii/framework/web/filters/CFilterChain.php(133): CController->runAction(Object(CInlineAction))
#12 /var/www/yii/framework/web/filters/CFilter.php(40): CFilterChain->run()
#13 /var/www/yii/framework/web/CController.php(1145): CFilter->filter(Object(CFilterChain))
#14 /var/www/yii/framework/web/filters/CInlineFilter.php(58): CController->filterAccessControl(Object(CFilterChain))
#15 /var/www/yii/framework/web/filters/CFilterChain.php(130): CInlineFilter->filter(Object(CFilterChain))
#16 /var/www/yii/framework/web/CController.php(291): CFilterChain->run()
#17 /var/www/yii/framework/web/CController.php(265): CController->runActionWithFilters(Object(CInlineAction), Array)
#18 /var/www/yii/framework/web/CWebApplication.php(282): CController->run('view')
#19 /var/www/yii/framework/web/CWebApplication.php(141): CWebApplication->runController('gasto/view')
#20 /var/www/yii/framework/base/CApplication.php(180): CWebApplication->processRequest()
#21 /var/www/yii/gestorgastos/index.php(13): CApplication->run()
#22 {main}
REQUEST_URI=/index.php/gasto/2
HTTP_REFERER=http://gestorgastos.yii.localhost/index.php/gasto
---
2014/05/12 23:53:36 [error] [php] htmlspecialchars() expects parameter 1 to be string, object given (/var/www/yii/framework/web/helpers/CHtml.php:103)
Stack trace:
#0 /var/www/yii/framework/utils/CFormatter.php(128): CFormatter->formatText()
#1 /var/www/yii/framework/zii/widgets/CDetailView.php(218): CFormatter->format()
#2 /var/www/yii/framework/web/CBaseController.php(173): CDetailView->run()
#3 /var/www/yii/gestorgastos/protected/views/gasto/view.php(30): GastoController->widget()
#4 /var/www/yii/framework/web/CBaseController.php(126): require()
#5 /var/www/yii/framework/web/CBaseController.php(95): GastoController->renderInternal()
#6 /var/www/yii/framework/web/CController.php(869): GastoController->renderFile()
#7 /var/www/yii/framework/web/CController.php(782): GastoController->renderPartial()
#8 /var/www/yii/gestorgastos/protected/controllers/GastoController.php(56): GastoController->render()
#9 unknown(0): GastoController->actionView()
#10 /var/www/yii/framework/web/actions/CAction.php(108): ReflectionMethod->invokeArgs()
#11 /var/www/yii/framework/web/actions/CInlineAction.php(47): CInlineAction->runWithParamsInternal()
#12 /var/www/yii/framework/web/CController.php(308): CInlineAction->runWithParams()
#13 /var/www/yii/framework/web/filters/CFilterChain.php(133): GastoController->runAction()
#14 /var/www/yii/framework/web/filters/CFilter.php(40): CFilterChain->run()
#15 /var/www/yii/framework/web/CController.php(1145): CAccessControlFilter->filter()
#16 /var/www/yii/framework/web/filters/CInlineFilter.php(58): GastoController->filterAccessControl()
#17 /var/www/yii/framework/web/filters/CFilterChain.php(130): CInlineFilter->filter()
#18 /var/www/yii/framework/web/CController.php(291): CFilterChain->run()
#19 /var/www/yii/framework/web/CController.php(265): GastoController->runActionWithFilters()
#20 /var/www/yii/framework/web/CWebApplication.php(282): GastoController->run()
#21 /var/www/yii/framework/web/CWebApplication.php(141): CWebApplication->runController()
#22 /var/www/yii/framework/base/CApplication.php(180): CWebApplication->processRequest()
#23 /var/www/yii/gestorgastos/index.php(13): CWebApplication->run()
REQUEST_URI=/index.php/gasto/2
in /var/www/yii/gestorgastos/protected/views/gasto/view.php (30)
in /var/www/yii/gestorgastos/protected/controllers/GastoController.php (56)
in /var/www/yii/gestorgastos/index.php (13)
2014/05/22 00:03:31 [error] [php] Trying to get property of non-object (/var/www/yii/gestorgastos/protected/models/Gasto.php:128)
Stack trace:
#0 /var/www/yii/framework/web/helpers/CHtml.php(2529): Gasto->__get()
#1 /var/www/yii/framework/web/helpers/CHtml.php(2252): resolveValue()
#2 /var/www/yii/framework/web/helpers/CHtml.php(1434): activeInputField()
#3 /var/www/yii/framework/zii/widgets/grid/CDataColumn.php(103): activeTextField()
#4 /var/www/yii/framework/zii/widgets/grid/CGridColumn.php(116): CDataColumn->renderFilterCellContent()
#5 /var/www/yii/framework/zii/widgets/grid/CGridView.php(532): CDataColumn->renderFilterCell()
#6 /var/www/yii/framework/zii/widgets/grid/CGridView.php(510): CGridView->renderFilter()
#7 /var/www/yii/framework/zii/widgets/grid/CGridView.php(480): CGridView->renderTableHeader()
#8 /var/www/yii/framework/zii/widgets/CBaseListView.php(167): CGridView->renderItems()
#9 unknown(0): CGridView->renderSection()
#10 /var/www/yii/framework/zii/widgets/CBaseListView.php(150): preg_replace_callback()
#11 /var/www/yii/framework/zii/widgets/CBaseListView.php(135): CGridView->renderContent()
#12 /var/www/yii/framework/web/CBaseController.php(173): CGridView->run()
#13 /var/www/yii/gestorgastos/protected/views/gasto/admin.php(57): GastoController->widget()
#14 /var/www/yii/framework/web/CBaseController.php(126): require()
#15 /var/www/yii/framework/web/CBaseController.php(95): GastoController->renderInternal()
#16 /var/www/yii/framework/web/CController.php(869): GastoController->renderFile()
#17 /var/www/yii/framework/web/CController.php(782): GastoController->renderPartial()
#18 /var/www/yii/gestorgastos/protected/controllers/GastoController.php(146): GastoController->render()
#19 /var/www/yii/framework/web/actions/CInlineAction.php(49): GastoController->actionAdmin()
#20 /var/www/yii/framework/web/CController.php(308): CInlineAction->runWithParams()
#21 /var/www/yii/framework/web/filters/CFilterChain.php(133): GastoController->runAction()
#22 /var/www/yii/framework/web/filters/CFilter.php(40): CFilterChain->run()
#23 /var/www/yii/framework/web/CController.php(1145): CAccessControlFilter->filter()
#24 /var/www/yii/framework/web/filters/CInlineFilter.php(58): GastoController->filterAccessControl()
#25 /var/www/yii/framework/web/filters/CFilterChain.php(130): CInlineFilter->filter()
#26 /var/www/yii/framework/web/CController.php(291): CFilterChain->run()
#27 /var/www/yii/framework/web/CController.php(265): GastoController->runActionWithFilters()
#28 /var/www/yii/framework/web/CWebApplication.php(282): GastoController->run()
#29 /var/www/yii/framework/web/CWebApplication.php(141): CWebApplication->runController()
#30 /var/www/yii/framework/base/CApplication.php(180): CWebApplication->processRequest()
#31 /var/www/yii/gestorgastos/index.php(13): CWebApplication->run()
REQUEST_URI=/index.php/gasto/admin
in /var/www/yii/gestorgastos/protected/models/Gasto.php (128)
in /var/www/yii/gestorgastos/protected/views/gasto/admin.php (57)
in /var/www/yii/gestorgastos/protected/controllers/GastoController.php (146)
